<?xml version="1.0" encoding="UTF-8"?>
<testng-results ignored="0" total="1" passed="1" failed="0" skipped="0">
  <reporter-output>
  </reporter-output>
  <suite started-at="2026-07-06T11:09:53 IST" name="Default suite" finished-at="2026-07-06T11:10:02 IST" duration-ms="9333">
    <groups>
    </groups>
    <test started-at="2026-07-06T11:09:53 IST" name="Default test" finished-at="2026-07-06T11:10:02 IST" duration-ms="9333">
      <class name="com.jenkins.practice.NewTest">
        <test-method signature="f()[pri:0, instance:com.jenkins.practice.NewTest@7bab3f1a]" started-at="2026-07-06T11:09:53 IST" name="f" finished-at="2026-07-06T11:10:02 IST" duration-ms="9286" status="PASS">
          <reporter-output>
          </reporter-output>
        </test-method> <!-- f -->
      </class> <!-- com.jenkins.practice.NewTest -->
    </test> <!-- Default test -->
  </suite> <!-- Default suite -->
</testng-results>
